[     801ms] [WARNING] Mixed Content: The page at 'https://www.11st.co.kr/page/best' was loaded over HTTPS, but requested an insecure element 'http://m.11st.co.kr/MW/img/main/ic_category_all.png'. This request was automatically upgraded to HTTPS, For more information see https://blog.chromium.org/2019/10/no-more-mixed-messages-about-https.html @ https://www.11st.co.kr/page/best:0
[     852ms] [WARNING] (RAKE) 2026-03-07 01:21:12:658 [WARN]  Error: FLUSH_EMPTY_QUEUE
    at e.flush (https://c.011st.com/js/rake/bundle/0.0.3/rake.bundle.js:1:27892)
    at e.flush (https://c.011st.com/js/rake/bundle/0.0.3/rake.bundle.js:1:19074)
    at e.<anonymous> (https://c.011st.com/js/rake/bundle/0.0.3/rake.bundle.js:1:19524)
    at Array.map (<anonymous>)
    at e.domLoadedCallback (https://c.011st.com/js/rake/bundle/0.0.3/rake.bundle.js:1:19474)
    at https://c.011st.com/js/rake/bundle/0.0.3/rake.bundle.js:2:440
    at r (https://c.011st.com/js/rake/bundle/0.0.3/rake.bundle.js:2:716) @ https://c.011st.com/js/rake/bundle/0.0.3/rake.bundle.js:0
[    1187ms] [WARNING] (RAKE) 2026-03-07 01:21:12:992 [WARN]  Error: FLUSH_EMPTY_QUEUE
    at e.flush (https://c.011st.com/js/rake/bundle/0.0.3/rake.bundle.js:1:27892)
    at e.flush (https://c.011st.com/js/rake/bundle/0.0.3/rake.bundle.js:1:19074)
    at https://assets.011st.com/rakelog/v1.3.10/rakelog.js:1:13930
    at new Promise (<anonymous>)
    at o (https://assets.011st.com/rakelog/v1.3.10/rakelog.js:1:13897)
    at v (https://assets.011st.com/rakelog/v1.3.10/rakelog.js:1:14157)
    at Object.onViewport (https://assets.011st.com/rakelog/v1.3.10/rakelog.js:1:17618)
    at Object.viewport (https://assets.011st.com/rakelog/v1.3.10/rakelog.js:1:9414)
    at Object.O [as scrollHandler] (https://assets.011st.com/rakelog/v1.3.10/rakelog.js:1:17456)
    at A (https://v.011st.com/dist/pc.main/pc.main.2.3.55.PC_Billboard_All.chunk.js:1:80748) @ https://c.011st.com/js/rake/bundle/0.0.3/rake.bundle.js:0
[    1194ms] [WARNING] Mixed Content: The page at 'https://www.11st.co.kr/page/best' was loaded over HTTPS, but requested an insecure element 'http://m.11st.co.kr/MW/img/main/ic_category_all.png'. This request was automatically upgraded to HTTPS, For more information see https://blog.chromium.org/2019/10/no-more-mixed-messages-about-https.html @ https://www.11st.co.kr/page/best:0
[    2495ms] [WARNING] (RAKE) 2026-03-07 01:21:14:300 [WARN]  Error: FLUSH_EMPTY_QUEUE
    at e.flush (https://c.011st.com/js/rake/bundle/0.0.3/rake.bundle.js:1:27892)
    at e.flush (https://c.011st.com/js/rake/bundle/0.0.3/rake.bundle.js:1:19074)
    at https://assets.011st.com/rakelog/v1.3.10/rakelog.js:1:13930
    at new Promise (<anonymous>)
    at o (https://assets.011st.com/rakelog/v1.3.10/rakelog.js:1:13897)
    at v (https://assets.011st.com/rakelog/v1.3.10/rakelog.js:1:14157)
    at Object.onViewport (https://assets.011st.com/rakelog/v1.3.10/rakelog.js:1:17618)
    at Object.viewport (https://assets.011st.com/rakelog/v1.3.10/rakelog.js:1:9414)
    at Object.O [as scrollHandler] (https://assets.011st.com/rakelog/v1.3.10/rakelog.js:1:17456)
    at https://v.011st.com/latest/pc.common.js:1:238363 @ https://c.011st.com/js/rake/bundle/0.0.3/rake.bundle.js:0
[    4799ms] [WARNING] (RAKE) 2026-03-07 01:21:16:604 [WARN]  Error: FLUSH_EMPTY_QUEUE
    at e.flush (https://c.011st.com/js/rake/bundle/0.0.3/rake.bundle.js:1:27892)
    at e.flush (https://c.011st.com/js/rake/bundle/0.0.3/rake.bundle.js:1:19074)
    at https://assets.011st.com/rakelog/v1.3.10/rakelog.js:1:13930
    at new Promise (<anonymous>)
    at o (https://assets.011st.com/rakelog/v1.3.10/rakelog.js:1:13897)
    at v (https://assets.011st.com/rakelog/v1.3.10/rakelog.js:1:14157)
    at Object.onViewport (https://assets.011st.com/rakelog/v1.3.10/rakelog.js:1:17618)
    at Object.viewport (https://assets.011st.com/rakelog/v1.3.10/rakelog.js:1:9414)
    at Object.O [as scrollHandler] (https://assets.011st.com/rakelog/v1.3.10/rakelog.js:1:17456)
    at https://v.011st.com/latest/pc.common.js:1:238363 @ https://c.011st.com/js/rake/bundle/0.0.3/rake.bundle.js:0
[    7099ms] [WARNING] (RAKE) 2026-03-07 01:21:18:905 [WARN]  Error: FLUSH_EMPTY_QUEUE
    at e.flush (https://c.011st.com/js/rake/bundle/0.0.3/rake.bundle.js:1:27892)
    at e.flush (https://c.011st.com/js/rake/bundle/0.0.3/rake.bundle.js:1:19074)
    at https://assets.011st.com/rakelog/v1.3.10/rakelog.js:1:13930
    at new Promise (<anonymous>)
    at o (https://assets.011st.com/rakelog/v1.3.10/rakelog.js:1:13897)
    at v (https://assets.011st.com/rakelog/v1.3.10/rakelog.js:1:14157)
    at Object.onViewport (https://assets.011st.com/rakelog/v1.3.10/rakelog.js:1:17618)
    at Object.viewport (https://assets.011st.com/rakelog/v1.3.10/rakelog.js:1:9414)
    at Object.O [as scrollHandler] (https://assets.011st.com/rakelog/v1.3.10/rakelog.js:1:17456)
    at https://v.011st.com/latest/pc.common.js:1:238363 @ https://c.011st.com/js/rake/bundle/0.0.3/rake.bundle.js:0
[    9402ms] [WARNING] (RAKE) 2026-03-07 01:21:21:207 [WARN]  Error: FLUSH_EMPTY_QUEUE
    at e.flush (https://c.011st.com/js/rake/bundle/0.0.3/rake.bundle.js:1:27892)
    at e.flush (https://c.011st.com/js/rake/bundle/0.0.3/rake.bundle.js:1:19074)
    at https://assets.011st.com/rakelog/v1.3.10/rakelog.js:1:13930
    at new Promise (<anonymous>)
    at o (https://assets.011st.com/rakelog/v1.3.10/rakelog.js:1:13897)
    at v (https://assets.011st.com/rakelog/v1.3.10/rakelog.js:1:14157)
    at Object.onViewport (https://assets.011st.com/rakelog/v1.3.10/rakelog.js:1:17618)
    at Object.viewport (https://assets.011st.com/rakelog/v1.3.10/rakelog.js:1:9414)
    at Object.O [as scrollHandler] (https://assets.011st.com/rakelog/v1.3.10/rakelog.js:1:17456)
    at https://v.011st.com/latest/pc.common.js:1:238363 @ https://c.011st.com/js/rake/bundle/0.0.3/rake.bundle.js:0
[   11702ms] [WARNING] (RAKE) 2026-03-07 01:21:23:507 [WARN]  Error: FLUSH_EMPTY_QUEUE
    at e.flush (https://c.011st.com/js/rake/bundle/0.0.3/rake.bundle.js:1:27892)
    at e.flush (https://c.011st.com/js/rake/bundle/0.0.3/rake.bundle.js:1:19074)
    at https://assets.011st.com/rakelog/v1.3.10/rakelog.js:1:13930
    at new Promise (<anonymous>)
    at o (https://assets.011st.com/rakelog/v1.3.10/rakelog.js:1:13897)
    at v (https://assets.011st.com/rakelog/v1.3.10/rakelog.js:1:14157)
    at Object.onViewport (https://assets.011st.com/rakelog/v1.3.10/rakelog.js:1:17618)
    at Object.viewport (https://assets.011st.com/rakelog/v1.3.10/rakelog.js:1:9414)
    at Object.O [as scrollHandler] (https://assets.011st.com/rakelog/v1.3.10/rakelog.js:1:17456)
    at https://v.011st.com/latest/pc.common.js:1:238363 @ https://c.011st.com/js/rake/bundle/0.0.3/rake.bundle.js:0
[   13992ms] [WARNING] (RAKE) 2026-03-07 01:21:25:798 [WARN]  Error: FLUSH_EMPTY_QUEUE
    at e.flush (https://c.011st.com/js/rake/bundle/0.0.3/rake.bundle.js:1:27892)
    at e.flush (https://c.011st.com/js/rake/bundle/0.0.3/rake.bundle.js:1:19074)
    at https://assets.011st.com/rakelog/v1.3.10/rakelog.js:1:13930
    at new Promise (<anonymous>)
    at o (https://assets.011st.com/rakelog/v1.3.10/rakelog.js:1:13897)
    at v (https://assets.011st.com/rakelog/v1.3.10/rakelog.js:1:14157)
    at Object.onViewport (https://assets.011st.com/rakelog/v1.3.10/rakelog.js:1:17618)
    at Object.viewport (https://assets.011st.com/rakelog/v1.3.10/rakelog.js:1:9414)
    at Object.O [as scrollHandler] (https://assets.011st.com/rakelog/v1.3.10/rakelog.js:1:17456)
    at https://v.011st.com/latest/pc.common.js:1:238363 @ https://c.011st.com/js/rake/bundle/0.0.3/rake.bundle.js:0
[   16299ms] [WARNING] (RAKE) 2026-03-07 01:21:28:105 [WARN]  Error: FLUSH_EMPTY_QUEUE
    at e.flush (https://c.011st.com/js/rake/bundle/0.0.3/rake.bundle.js:1:27892)
    at e.flush (https://c.011st.com/js/rake/bundle/0.0.3/rake.bundle.js:1:19074)
    at https://assets.011st.com/rakelog/v1.3.10/rakelog.js:1:13930
    at new Promise (<anonymous>)
    at o (https://assets.011st.com/rakelog/v1.3.10/rakelog.js:1:13897)
    at v (https://assets.011st.com/rakelog/v1.3.10/rakelog.js:1:14157)
    at Object.onViewport (https://assets.011st.com/rakelog/v1.3.10/rakelog.js:1:17618)
    at Object.viewport (https://assets.011st.com/rakelog/v1.3.10/rakelog.js:1:9414)
    at Object.O [as scrollHandler] (https://assets.011st.com/rakelog/v1.3.10/rakelog.js:1:17456)
    at https://v.011st.com/latest/pc.common.js:1:238363 @ https://c.011st.com/js/rake/bundle/0.0.3/rake.bundle.js:0
[   18594ms] [WARNING] (RAKE) 2026-03-07 01:21:30:399 [WARN]  Error: FLUSH_EMPTY_QUEUE
    at e.flush (https://c.011st.com/js/rake/bundle/0.0.3/rake.bundle.js:1:27892)
    at e.flush (https://c.011st.com/js/rake/bundle/0.0.3/rake.bundle.js:1:19074)
    at https://assets.011st.com/rakelog/v1.3.10/rakelog.js:1:13930
    at new Promise (<anonymous>)
    at o (https://assets.011st.com/rakelog/v1.3.10/rakelog.js:1:13897)
    at v (https://assets.011st.com/rakelog/v1.3.10/rakelog.js:1:14157)
    at Object.onViewport (https://assets.011st.com/rakelog/v1.3.10/rakelog.js:1:17618)
    at Object.viewport (https://assets.011st.com/rakelog/v1.3.10/rakelog.js:1:9414)
    at Object.O [as scrollHandler] (https://assets.011st.com/rakelog/v1.3.10/rakelog.js:1:17456)
    at https://v.011st.com/latest/pc.common.js:1:238363 @ https://c.011st.com/js/rake/bundle/0.0.3/rake.bundle.js:0
[   20901ms] [WARNING] (RAKE) 2026-03-07 01:21:32:706 [WARN]  Error: FLUSH_EMPTY_QUEUE
    at e.flush (https://c.011st.com/js/rake/bundle/0.0.3/rake.bundle.js:1:27892)
    at e.flush (https://c.011st.com/js/rake/bundle/0.0.3/rake.bundle.js:1:19074)
    at https://assets.011st.com/rakelog/v1.3.10/rakelog.js:1:13930
    at new Promise (<anonymous>)
    at o (https://assets.011st.com/rakelog/v1.3.10/rakelog.js:1:13897)
    at v (https://assets.011st.com/rakelog/v1.3.10/rakelog.js:1:14157)
    at Object.onViewport (https://assets.011st.com/rakelog/v1.3.10/rakelog.js:1:17618)
    at Object.viewport (https://assets.011st.com/rakelog/v1.3.10/rakelog.js:1:9414)
    at Object.O [as scrollHandler] (https://assets.011st.com/rakelog/v1.3.10/rakelog.js:1:17456)
    at https://v.011st.com/latest/pc.common.js:1:238363 @ https://c.011st.com/js/rake/bundle/0.0.3/rake.bundle.js:0
[   23207ms] [WARNING] (RAKE) 2026-03-07 01:21:35:013 [WARN]  Error: FLUSH_EMPTY_QUEUE
    at e.flush (https://c.011st.com/js/rake/bundle/0.0.3/rake.bundle.js:1:27892)
    at e.flush (https://c.011st.com/js/rake/bundle/0.0.3/rake.bundle.js:1:19074)
    at https://assets.011st.com/rakelog/v1.3.10/rakelog.js:1:13930
    at new Promise (<anonymous>)
    at o (https://assets.011st.com/rakelog/v1.3.10/rakelog.js:1:13897)
    at v (https://assets.011st.com/rakelog/v1.3.10/rakelog.js:1:14157)
    at Object.onViewport (https://assets.011st.com/rakelog/v1.3.10/rakelog.js:1:17618)
    at Object.viewport (https://assets.011st.com/rakelog/v1.3.10/rakelog.js:1:9414)
    at Object.O [as scrollHandler] (https://assets.011st.com/rakelog/v1.3.10/rakelog.js:1:17456)
    at https://v.011st.com/latest/pc.common.js:1:238363 @ https://c.011st.com/js/rake/bundle/0.0.3/rake.bundle.js:0
[   25507ms] [WARNING] (RAKE) 2026-03-07 01:21:37:312 [WARN]  Error: FLUSH_EMPTY_QUEUE
    at e.flush (https://c.011st.com/js/rake/bundle/0.0.3/rake.bundle.js:1:27892)
    at e.flush (https://c.011st.com/js/rake/bundle/0.0.3/rake.bundle.js:1:19074)
    at https://assets.011st.com/rakelog/v1.3.10/rakelog.js:1:13930
    at new Promise (<anonymous>)
    at o (https://assets.011st.com/rakelog/v1.3.10/rakelog.js:1:13897)
    at v (https://assets.011st.com/rakelog/v1.3.10/rakelog.js:1:14157)
    at Object.onViewport (https://assets.011st.com/rakelog/v1.3.10/rakelog.js:1:17618)
    at Object.viewport (https://assets.011st.com/rakelog/v1.3.10/rakelog.js:1:9414)
    at Object.O [as scrollHandler] (https://assets.011st.com/rakelog/v1.3.10/rakelog.js:1:17456)
    at https://v.011st.com/latest/pc.common.js:1:238363 @ https://c.011st.com/js/rake/bundle/0.0.3/rake.bundle.js:0
[   27798ms] [WARNING] (RAKE) 2026-03-07 01:21:39:603 [WARN]  Error: FLUSH_EMPTY_QUEUE
    at e.flush (https://c.011st.com/js/rake/bundle/0.0.3/rake.bundle.js:1:27892)
    at e.flush (https://c.011st.com/js/rake/bundle/0.0.3/rake.bundle.js:1:19074)
    at https://assets.011st.com/rakelog/v1.3.10/rakelog.js:1:13930
    at new Promise (<anonymous>)
    at o (https://assets.011st.com/rakelog/v1.3.10/rakelog.js:1:13897)
    at v (https://assets.011st.com/rakelog/v1.3.10/rakelog.js:1:14157)
    at Object.onViewport (https://assets.011st.com/rakelog/v1.3.10/rakelog.js:1:17618)
    at Object.viewport (https://assets.011st.com/rakelog/v1.3.10/rakelog.js:1:9414)
    at Object.O [as scrollHandler] (https://assets.011st.com/rakelog/v1.3.10/rakelog.js:1:17456)
    at https://v.011st.com/latest/pc.common.js:1:238363 @ https://c.011st.com/js/rake/bundle/0.0.3/rake.bundle.js:0
[   30098ms] [WARNING] (RAKE) 2026-03-07 01:21:41:903 [WARN]  Error: FLUSH_EMPTY_QUEUE
    at e.flush (https://c.011st.com/js/rake/bundle/0.0.3/rake.bundle.js:1:27892)
    at e.flush (https://c.011st.com/js/rake/bundle/0.0.3/rake.bundle.js:1:19074)
    at https://assets.011st.com/rakelog/v1.3.10/rakelog.js:1:13930
    at new Promise (<anonymous>)
    at o (https://assets.011st.com/rakelog/v1.3.10/rakelog.js:1:13897)
    at v (https://assets.011st.com/rakelog/v1.3.10/rakelog.js:1:14157)
    at Object.onViewport (https://assets.011st.com/rakelog/v1.3.10/rakelog.js:1:17618)
    at Object.viewport (https://assets.011st.com/rakelog/v1.3.10/rakelog.js:1:9414)
    at Object.O [as scrollHandler] (https://assets.011st.com/rakelog/v1.3.10/rakelog.js:1:17456)
    at https://v.011st.com/latest/pc.common.js:1:238363 @ https://c.011st.com/js/rake/bundle/0.0.3/rake.bundle.js:0
[   32402ms] [WARNING] (RAKE) 2026-03-07 01:21:44:207 [WARN]  Error: FLUSH_EMPTY_QUEUE
    at e.flush (https://c.011st.com/js/rake/bundle/0.0.3/rake.bundle.js:1:27892)
    at e.flush (https://c.011st.com/js/rake/bundle/0.0.3/rake.bundle.js:1:19074)
    at https://assets.011st.com/rakelog/v1.3.10/rakelog.js:1:13930
    at new Promise (<anonymous>)
    at o (https://assets.011st.com/rakelog/v1.3.10/rakelog.js:1:13897)
    at v (https://assets.011st.com/rakelog/v1.3.10/rakelog.js:1:14157)
    at Object.onViewport (https://assets.011st.com/rakelog/v1.3.10/rakelog.js:1:17618)
    at Object.viewport (https://assets.011st.com/rakelog/v1.3.10/rakelog.js:1:9414)
    at Object.O [as scrollHandler] (https://assets.011st.com/rakelog/v1.3.10/rakelog.js:1:17456)
    at https://v.011st.com/latest/pc.common.js:1:238363 @ https://c.011st.com/js/rake/bundle/0.0.3/rake.bundle.js:0
[   34703ms] [WARNING] (RAKE) 2026-03-07 01:21:46:509 [WARN]  Error: FLUSH_EMPTY_QUEUE
    at e.flush (https://c.011st.com/js/rake/bundle/0.0.3/rake.bundle.js:1:27892)
    at e.flush (https://c.011st.com/js/rake/bundle/0.0.3/rake.bundle.js:1:19074)
    at https://assets.011st.com/rakelog/v1.3.10/rakelog.js:1:13930
    at new Promise (<anonymous>)
    at o (https://assets.011st.com/rakelog/v1.3.10/rakelog.js:1:13897)
    at v (https://assets.011st.com/rakelog/v1.3.10/rakelog.js:1:14157)
    at Object.onViewport (https://assets.011st.com/rakelog/v1.3.10/rakelog.js:1:17618)
    at Object.viewport (https://assets.011st.com/rakelog/v1.3.10/rakelog.js:1:9414)
    at Object.O [as scrollHandler] (https://assets.011st.com/rakelog/v1.3.10/rakelog.js:1:17456)
    at https://v.011st.com/latest/pc.common.js:1:238363 @ https://c.011st.com/js/rake/bundle/0.0.3/rake.bundle.js:0
[   37005ms] [WARNING] (RAKE) 2026-03-07 01:21:48:811 [WARN]  Error: FLUSH_EMPTY_QUEUE
    at e.flush (https://c.011st.com/js/rake/bundle/0.0.3/rake.bundle.js:1:27892)
    at e.flush (https://c.011st.com/js/rake/bundle/0.0.3/rake.bundle.js:1:19074)
    at https://assets.011st.com/rakelog/v1.3.10/rakelog.js:1:13930
    at new Promise (<anonymous>)
    at o (https://assets.011st.com/rakelog/v1.3.10/rakelog.js:1:13897)
    at v (https://assets.011st.com/rakelog/v1.3.10/rakelog.js:1:14157)
    at Object.onViewport (https://assets.011st.com/rakelog/v1.3.10/rakelog.js:1:17618)
    at Object.viewport (https://assets.011st.com/rakelog/v1.3.10/rakelog.js:1:9414)
    at Object.O [as scrollHandler] (https://assets.011st.com/rakelog/v1.3.10/rakelog.js:1:17456)
    at https://v.011st.com/latest/pc.common.js:1:238363 @ https://c.011st.com/js/rake/bundle/0.0.3/rake.bundle.js:0
[   39293ms] [WARNING] (RAKE) 2026-03-07 01:21:51:099 [WARN]  Error: FLUSH_EMPTY_QUEUE
    at e.flush (https://c.011st.com/js/rake/bundle/0.0.3/rake.bundle.js:1:27892)
    at e.flush (https://c.011st.com/js/rake/bundle/0.0.3/rake.bundle.js:1:19074)
    at https://assets.011st.com/rakelog/v1.3.10/rakelog.js:1:13930
    at new Promise (<anonymous>)
    at o (https://assets.011st.com/rakelog/v1.3.10/rakelog.js:1:13897)
    at v (https://assets.011st.com/rakelog/v1.3.10/rakelog.js:1:14157)
    at Object.onViewport (https://assets.011st.com/rakelog/v1.3.10/rakelog.js:1:17618)
    at Object.viewport (https://assets.011st.com/rakelog/v1.3.10/rakelog.js:1:9414)
    at Object.O [as scrollHandler] (https://assets.011st.com/rakelog/v1.3.10/rakelog.js:1:17456)
    at https://v.011st.com/latest/pc.common.js:1:238363 @ https://c.011st.com/js/rake/bundle/0.0.3/rake.bundle.js:0
[   41597ms] [WARNING] (RAKE) 2026-03-07 01:21:53:403 [WARN]  Error: FLUSH_EMPTY_QUEUE
    at e.flush (https://c.011st.com/js/rake/bundle/0.0.3/rake.bundle.js:1:27892)
    at e.flush (https://c.011st.com/js/rake/bundle/0.0.3/rake.bundle.js:1:19074)
    at https://assets.011st.com/rakelog/v1.3.10/rakelog.js:1:13930
    at new Promise (<anonymous>)
    at o (https://assets.011st.com/rakelog/v1.3.10/rakelog.js:1:13897)
    at v (https://assets.011st.com/rakelog/v1.3.10/rakelog.js:1:14157)
    at Object.onViewport (https://assets.011st.com/rakelog/v1.3.10/rakelog.js:1:17618)
    at Object.viewport (https://assets.011st.com/rakelog/v1.3.10/rakelog.js:1:9414)
    at Object.O [as scrollHandler] (https://assets.011st.com/rakelog/v1.3.10/rakelog.js:1:17456)
    at https://v.011st.com/latest/pc.common.js:1:238363 @ https://c.011st.com/js/rake/bundle/0.0.3/rake.bundle.js:0
