[    1799ms] [WARNING] (RAKE) 2026-03-07 01:20:57:798 [WARN]  Error: FLUSH_EMPTY_QUEUE
    at e.flush (https://c.011st.com/js/rake/bundle/0.0.3/rake.bundle.js:1:27892)
    at e.flush (https://c.011st.com/js/rake/bundle/0.0.3/rake.bundle.js:1:19074)
    at e.<anonymous> (https://c.011st.com/js/rake/bundle/0.0.3/rake.bundle.js:1:19524)
    at Array.map (<anonymous>)
    at e.domLoadedCallback (https://c.011st.com/js/rake/bundle/0.0.3/rake.bundle.js:1:19474)
    at https://c.011st.com/js/rake/bundle/0.0.3/rake.bundle.js:2:440
    at r (https://c.011st.com/js/rake/bundle/0.0.3/rake.bundle.js:2:716) @ https://c.011st.com/js/rake/bundle/0.0.3/rake.bundle.js:0
[    2697ms] [WARNING] (RAKE) 2026-03-07 01:20:58:695 [WARN]  Error: FLUSH_EMPTY_QUEUE
    at e.flush (https://c.011st.com/js/rake/bundle/0.0.3/rake.bundle.js:1:27892)
    at e.flush (https://c.011st.com/js/rake/bundle/0.0.3/rake.bundle.js:1:19074)
    at https://assets.011st.com/rakelog/v1.3.10/rakelog.js:1:13930
    at new Promise (<anonymous>)
    at o (https://assets.011st.com/rakelog/v1.3.10/rakelog.js:1:13897)
    at v (https://assets.011st.com/rakelog/v1.3.10/rakelog.js:1:14157)
    at Object.onViewport (https://assets.011st.com/rakelog/v1.3.10/rakelog.js:1:17618)
    at Object.viewport (https://assets.011st.com/rakelog/v1.3.10/rakelog.js:1:9414)
    at Object.O [as scrollHandler] (https://assets.011st.com/rakelog/v1.3.10/rakelog.js:1:17456)
    at https://v.011st.com/latest/pc.common.js:1:238363 @ https://c.011st.com/js/rake/bundle/0.0.3/rake.bundle.js:0
[    5000ms] [WARNING] (RAKE) 2026-03-07 01:21:00:998 [WARN]  Error: FLUSH_EMPTY_QUEUE
    at e.flush (https://c.011st.com/js/rake/bundle/0.0.3/rake.bundle.js:1:27892)
    at e.flush (https://c.011st.com/js/rake/bundle/0.0.3/rake.bundle.js:1:19074)
    at https://assets.011st.com/rakelog/v1.3.10/rakelog.js:1:13930
    at new Promise (<anonymous>)
    at o (https://assets.011st.com/rakelog/v1.3.10/rakelog.js:1:13897)
    at v (https://assets.011st.com/rakelog/v1.3.10/rakelog.js:1:14157)
    at Object.onViewport (https://assets.011st.com/rakelog/v1.3.10/rakelog.js:1:17618)
    at Object.viewport (https://assets.011st.com/rakelog/v1.3.10/rakelog.js:1:9414)
    at Object.O [as scrollHandler] (https://assets.011st.com/rakelog/v1.3.10/rakelog.js:1:17456)
    at https://v.011st.com/latest/pc.common.js:1:238363 @ https://c.011st.com/js/rake/bundle/0.0.3/rake.bundle.js:0
[    7298ms] [WARNING] (RAKE) 2026-03-07 01:21:03:296 [WARN]  Error: FLUSH_EMPTY_QUEUE
    at e.flush (https://c.011st.com/js/rake/bundle/0.0.3/rake.bundle.js:1:27892)
    at e.flush (https://c.011st.com/js/rake/bundle/0.0.3/rake.bundle.js:1:19074)
    at https://assets.011st.com/rakelog/v1.3.10/rakelog.js:1:13930
    at new Promise (<anonymous>)
    at o (https://assets.011st.com/rakelog/v1.3.10/rakelog.js:1:13897)
    at v (https://assets.011st.com/rakelog/v1.3.10/rakelog.js:1:14157)
    at Object.onViewport (https://assets.011st.com/rakelog/v1.3.10/rakelog.js:1:17618)
    at Object.viewport (https://assets.011st.com/rakelog/v1.3.10/rakelog.js:1:9414)
    at Object.O [as scrollHandler] (https://assets.011st.com/rakelog/v1.3.10/rakelog.js:1:17456)
    at https://v.011st.com/latest/pc.common.js:1:238363 @ https://c.011st.com/js/rake/bundle/0.0.3/rake.bundle.js:0
[    8385ms] [WARNING] (RAKE) 2026-03-07 01:21:04:384 [WARN]  Error: FLUSH_EMPTY_QUEUE
    at e.flush (https://c.011st.com/js/rake/bundle/0.0.3/rake.bundle.js:1:27892)
    at e.flush (https://c.011st.com/js/rake/bundle/0.0.3/rake.bundle.js:1:19074)
    at https://assets.011st.com/rakelog/v1.3.10/rakelog.js:1:13930
    at new Promise (<anonymous>)
    at o (https://assets.011st.com/rakelog/v1.3.10/rakelog.js:1:13897)
    at v (https://assets.011st.com/rakelog/v1.3.10/rakelog.js:1:14157)
    at Object.onViewport (https://assets.011st.com/rakelog/v1.3.10/rakelog.js:1:17618)
    at Object.viewport (https://assets.011st.com/rakelog/v1.3.10/rakelog.js:1:9414)
    at Object.O [as scrollHandler] (https://assets.011st.com/rakelog/v1.3.10/rakelog.js:1:17456)
    at A (https://v.011st.com/dist/pc.main/pc.main.2.3.55.PC_Billboard_All.chunk.js:1:80748) @ https://c.011st.com/js/rake/bundle/0.0.3/rake.bundle.js:0
[    9597ms] [WARNING] (RAKE) 2026-03-07 01:21:05:595 [WARN]  Error: FLUSH_EMPTY_QUEUE
    at e.flush (https://c.011st.com/js/rake/bundle/0.0.3/rake.bundle.js:1:27892)
    at e.flush (https://c.011st.com/js/rake/bundle/0.0.3/rake.bundle.js:1:19074)
    at https://assets.011st.com/rakelog/v1.3.10/rakelog.js:1:13930
    at new Promise (<anonymous>)
    at o (https://assets.011st.com/rakelog/v1.3.10/rakelog.js:1:13897)
    at v (https://assets.011st.com/rakelog/v1.3.10/rakelog.js:1:14157)
    at Object.onViewport (https://assets.011st.com/rakelog/v1.3.10/rakelog.js:1:17618)
    at Object.viewport (https://assets.011st.com/rakelog/v1.3.10/rakelog.js:1:9414)
    at Object.O [as scrollHandler] (https://assets.011st.com/rakelog/v1.3.10/rakelog.js:1:17456)
    at https://v.011st.com/latest/pc.common.js:1:238363 @ https://c.011st.com/js/rake/bundle/0.0.3/rake.bundle.js:0
[   11899ms] [WARNING] (RAKE) 2026-03-07 01:21:07:898 [WARN]  Error: FLUSH_EMPTY_QUEUE
    at e.flush (https://c.011st.com/js/rake/bundle/0.0.3/rake.bundle.js:1:27892)
    at e.flush (https://c.011st.com/js/rake/bundle/0.0.3/rake.bundle.js:1:19074)
    at https://assets.011st.com/rakelog/v1.3.10/rakelog.js:1:13930
    at new Promise (<anonymous>)
    at o (https://assets.011st.com/rakelog/v1.3.10/rakelog.js:1:13897)
    at v (https://assets.011st.com/rakelog/v1.3.10/rakelog.js:1:14157)
    at Object.onViewport (https://assets.011st.com/rakelog/v1.3.10/rakelog.js:1:17618)
    at Object.viewport (https://assets.011st.com/rakelog/v1.3.10/rakelog.js:1:9414)
    at Object.O [as scrollHandler] (https://assets.011st.com/rakelog/v1.3.10/rakelog.js:1:17456)
    at https://v.011st.com/latest/pc.common.js:1:238363 @ https://c.011st.com/js/rake/bundle/0.0.3/rake.bundle.js:0
[   14199ms] [WARNING] (RAKE) 2026-03-07 01:21:10:198 [WARN]  Error: FLUSH_EMPTY_QUEUE
    at e.flush (https://c.011st.com/js/rake/bundle/0.0.3/rake.bundle.js:1:27892)
    at e.flush (https://c.011st.com/js/rake/bundle/0.0.3/rake.bundle.js:1:19074)
    at https://assets.011st.com/rakelog/v1.3.10/rakelog.js:1:13930
    at new Promise (<anonymous>)
    at o (https://assets.011st.com/rakelog/v1.3.10/rakelog.js:1:13897)
    at v (https://assets.011st.com/rakelog/v1.3.10/rakelog.js:1:14157)
    at Object.onViewport (https://assets.011st.com/rakelog/v1.3.10/rakelog.js:1:17618)
    at Object.viewport (https://assets.011st.com/rakelog/v1.3.10/rakelog.js:1:9414)
    at Object.O [as scrollHandler] (https://assets.011st.com/rakelog/v1.3.10/rakelog.js:1:17456)
    at https://v.011st.com/latest/pc.common.js:1:238363 @ https://c.011st.com/js/rake/bundle/0.0.3/rake.bundle.js:0
[   15384ms] [WARNING] (RAKE) 2026-03-07 01:21:11:383 [WARN]  Error: FLUSH_EMPTY_QUEUE
    at e.flush (https://c.011st.com/js/rake/bundle/0.0.3/rake.bundle.js:1:27892)
    at e.flush (https://c.011st.com/js/rake/bundle/0.0.3/rake.bundle.js:1:19074)
    at https://assets.011st.com/rakelog/v1.3.10/rakelog.js:1:13930
    at new Promise (<anonymous>)
    at o (https://assets.011st.com/rakelog/v1.3.10/rakelog.js:1:13897)
    at v (https://assets.011st.com/rakelog/v1.3.10/rakelog.js:1:14157)
    at Object.onViewport (https://assets.011st.com/rakelog/v1.3.10/rakelog.js:1:17618)
    at Object.viewport (https://assets.011st.com/rakelog/v1.3.10/rakelog.js:1:9414)
    at Object.O [as scrollHandler] (https://assets.011st.com/rakelog/v1.3.10/rakelog.js:1:17456)
    at A (https://v.011st.com/dist/pc.main/pc.main.2.3.55.PC_Billboard_All.chunk.js:1:80748) @ https://c.011st.com/js/rake/bundle/0.0.3/rake.bundle.js:0
